<?xml version="1.0" encoding="UTF-8"?>
<!-- Generated by org.testng.reporters.JUnitReportReporter -->
<testsuite hostname="shraddhas-Air" failures="0" tests="3" name="ui.SkipDemoTest" time="0.010" errors="0" timestamp="2023-12-03T19:30:23 CET" skipped="3">
  <testcase classname="ui.SkipDemoTest" name="skipTest3" time="0.001">
    <skipped/>
  </testcase> <!-- skipTest3 -->
  <system-out/>
  <testcase classname="ui.SkipDemoTest" name="skipTest2" time="0.009">
    <skipped/>
  </testcase> <!-- skipTest2 -->
  <system-out/>
  <testcase classname="ui.SkipDemoTest" name="skipTest1">
    <skipped/>
  </testcase> <!-- skipTest1 -->
  <system-out/>
</testsuite> <!-- ui.SkipDemoTest -->
