<?xml version="1.0" encoding="UTF-8"?>
<!-- Generated by org.testng.reporters.JUnitReportReporter -->
<testsuite hostname="shraddhas-Air" failures="0" tests="4" name="ui.DataProviderDemoTest2" time="48.754" errors="0" timestamp="2023-12-04T11:42:15 CET" skipped="0">
  <testcase classname="ui.DataProviderDemoTest2" name="test" time="9.662"/>
  <system-out/>
  <testcase classname="ui.DataProviderDemoTest2" name="test" time="15.234"/>
  <system-out/>
  <testcase classname="ui.DataProviderDemoTest2" name="test" time="9.563"/>
  <system-out/>
  <testcase classname="ui.DataProviderDemoTest2" name="test" time="14.295"/>
  <system-out/>
</testsuite> <!-- ui.DataProviderDemoTest2 -->
