<?xml version="1.0" encoding="UTF-8"?>
<!-- Generated by org.testng.reporters.JUnitReportReporter -->
<testsuite hostname="shraddhas-Air" failures="0" tests="4" name="ui.GroupDemoTest" time="0.009" errors="0" timestamp="2023-12-04T10:40:25 CET" skipped="0">
  <testcase classname="ui.GroupDemoTest" name="aTest1" time="0.004"/>
  <system-out/>
  <testcase classname="ui.GroupDemoTest" name="aTest2" time="0.002"/>
  <system-out/>
  <testcase classname="ui.GroupDemoTest" name="aTest4" time="0.001"/>
  <system-out/>
  <testcase classname="ui.GroupDemoTest" name="aTest3" time="0.002"/>
  <system-out/>
</testsuite> <!-- ui.GroupDemoTest -->
