<?xml version="1.0" encoding="UTF-8"?>
<!-- Generated by org.testng.reporters.JUnitReportReporter -->
<testsuite hostname="shraddhas-Air" failures="0" tests="1" name="ui.LoginTest1" time="14.388" errors="0" timestamp="2023-12-04T15:02:01 CET" skipped="0">
  <testcase classname="ui.LoginTest1" name="launchApplication" time="14.388"/>
  <system-out/>
</testsuite> <!-- ui.LoginTest1 -->
