<?xml version="1.0" encoding="UTF-8"?>
<!-- Generated by org.testng.reporters.JUnitReportReporter -->
<testsuite hostname="shraddhas-Air" failures="0" tests="2" name="ui.LoginTest" time="0.007" errors="0" timestamp="2023-12-04T10:40:25 CET" skipped="0">
  <testcase classname="ui.LoginTest" name="aTest1" time="0.006"/>
  <system-out/>
  <testcase classname="ui.LoginTest" name="aTest2" time="0.001"/>
  <system-out/>
</testsuite> <!-- ui.LoginTest -->
