<?xml version="1.0" encoding="UTF-8"?>
<!-- Generated by org.testng.reporters.JUnitReportReporter -->
<testsuite hostname="shraddhas-Air" failures="0" tests="4" name="ui.GroupDemoTest2" time="0.018" errors="0" timestamp="2023-12-04T15:20:29 CET" skipped="0">
  <testcase classname="ui.GroupDemoTest2" name="aTest4" time="0.002"/>
  <system-out/>
  <testcase classname="ui.GroupDemoTest2" name="aTest1" time="0.013"/>
  <system-out/>
  <testcase classname="ui.GroupDemoTest2" name="aTest3" time="0.002"/>
  <system-out/>
  <testcase classname="ui.GroupDemoTest2" name="aTest2" time="0.001"/>
  <system-out/>
</testsuite> <!-- ui.GroupDemoTest2 -->
