<?xml version="1.0" encoding="UTF-8"?>
<!-- Generated by org.testng.reporters.JUnitReportReporter -->
<testsuite hostname="shraddhas-Air" failures="0" tests="10" name="ui.DataProviderDemoTest" time="0.030" errors="0" timestamp="2023-12-04T14:23:24 CET" skipped="0">
  <testcase classname="ui.DataProviderDemoTest" name="test2" time="0.002"/>
  <system-out/>
  <testcase classname="ui.DataProviderDemoTest" name="test1" time="0.008"/>
  <system-out/>
  <testcase classname="ui.DataProviderDemoTest" name="test" time="0.002"/>
  <system-out/>
  <testcase classname="ui.DataProviderDemoTest" name="test" time="0.001"/>
  <system-out/>
  <testcase classname="ui.DataProviderDemoTest" name="test1" time="0.001"/>
  <system-out/>
  <testcase classname="ui.DataProviderDemoTest" name="test" time="0.001"/>
  <system-out/>
  <testcase classname="ui.DataProviderDemoTest" name="test" time="0.009"/>
  <system-out/>
  <testcase classname="ui.DataProviderDemoTest" name="test1" time="0.002"/>
  <system-out/>
  <testcase classname="ui.DataProviderDemoTest" name="test2" time="0.001"/>
  <system-out/>
  <testcase classname="ui.DataProviderDemoTest" name="test2" time="0.003"/>
  <system-out/>
</testsuite> <!-- ui.DataProviderDemoTest -->
