<?xml version="1.0" encoding="UTF-8"?>
<!-- Generated by org.testng.reporters.JUnitReportReporter -->
<testsuite hostname="shraddhas-Air" failures="0" tests="1" name="ui.VerifyTitleTest" time="12.998" errors="0" timestamp="2023-12-03T19:13:08 CET" skipped="0">
  <testcase classname="ui.VerifyTitleTest" name="titleTest" time="12.998"/>
  <system-out/>
</testsuite> <!-- ui.VerifyTitleTest -->
